0 verbose cli C:\Program Files\nodejs\node.exe C:\Program Files\nodejs\node_modules\npm\bin\npm-cli.js
1 info using npm@11.11.0
2 info using node@v24.14.1
3 silly config load:file:C:\Program Files\nodejs\node_modules\npm\npmrc
4 silly config load:file:D:\Tax Feyments App\.npmrc
5 silly config load:file:C:\Users\ASUS\.npmrc
6 silly config load:file:C:\Users\ASUS\AppData\Roaming\npm\etc\npmrc
7 verbose title npm run build
8 verbose argv "run" "build"
9 verbose logfile logs-max:10 dir:D:\Tax Feyments App\.npm-cache\_logs\2026-06-03T07_51_56_695Z-
10 verbose logfile D:\Tax Feyments App\.npm-cache\_logs\2026-06-03T07_51_56_695Z-debug-0.log
11 silly logfile done cleaning log files
12 http fetch GET 200 https://registry.npmjs.org/npm 196ms
13 verbose cwd D:\Tax Feyments App
14 verbose os Windows_NT 10.0.26200
15 verbose node v24.14.1
16 verbose npm  v11.11.0
17 notice
17 notice New minor version of npm available! 11.11.0 -> 11.16.0
17 notice Changelog: https://github.com/npm/cli/releases/tag/v11.16.0
17 notice To update run: npm install -g npm@11.16.0
17 notice  { force: true, Symbol(proc-log.meta): true }
18 verbose exit 134
19 verbose code 134
